<?xml version="1.0" encoding="UTF-8"?>
<!-- Generated by org.testng.reporters.JUnitReportReporter -->
<testsuite hostname="hobby" name="org.openqa.selenium.example.LocalTest" tests="10" failures="0" timestamp="19 Jan 2012 17:18:23 GMT" time="16.405" errors="0">
  <testcase name="verifyNinethPage" time="10.594" classname="org.openqa.selenium.example.LocalTest"/>
  <testcase name="verifyLinks" time="0.475" classname="org.openqa.selenium.example.LocalTest"/>
  <testcase name="verifyEighthPage" time="0.535" classname="org.openqa.selenium.example.LocalTest"/>
  <testcase name="verifyFifthPage" time="0.470" classname="org.openqa.selenium.example.LocalTest"/>
  <testcase name="verifyTenthPage" time="1.624" classname="org.openqa.selenium.example.LocalTest"/>
  <testcase name="verifyThirdPage" time="0.504" classname="org.openqa.selenium.example.LocalTest"/>
  <testcase name="verifySeventhPage" time="0.851" classname="org.openqa.selenium.example.LocalTest"/>
  <testcase name="verifyFourthPage" time="0.573" classname="org.openqa.selenium.example.LocalTest"/>
  <testcase name="verifySixthPage" time="0.462" classname="org.openqa.selenium.example.LocalTest"/>
  <testcase name="checkText" time="0.317" classname="org.openqa.selenium.example.LocalTest"/>
</testsuite>
