<?xml version="1.0" encoding="UTF-8"?>
<!-- Generated by org.testng.reporters.JUnitReportReporter -->
<testsuite hostname="hobby" name="org.openqa.selenium.example.GoogleSearchTest" tests="2" failures="0" timestamp="19 Jan 2012 17:18:23 GMT" time="1.957" errors="0">
  <testcase name="regressionSearch" time="1.956" classname="org.openqa.selenium.example.GoogleSearchTest"/>
  <testcase name="smokeSearch" time="0.001" classname="org.openqa.selenium.example.GoogleSearchTest"/>
</testsuite>
